Downloading: nvd-clojure/nvd-clojure/maven-metadata.xml from clojars
[2025-12-30 03:40:35.781] INFO nvd-clojure - User-provided config: {:delete-config? false, :group "com.github.pmonks", :name "wreck", :version "1.0.155-SNAPSHOT", :nvd {:output-dir "../target/nvd"}}
Dec 30, 2025 3:40:36 AM org.apache.commons.jcs3.engine.control.CompositeCacheManager 
INFO: Instance is null, returning unconfigured instance
Dec 30, 2025 3:40:36 AM org.apache.commons.jcs3.engine.control.CompositeCacheManager 
INFO: Setting default auxiliaries to "ODC"
Dec 30, 2025 3:40:36 AM org.apache.commons.jcs3.engine.control.CompositeCacheManager 
INFO: setting defaultCompositeCacheAttributes to [ useLateral = true, useRemote = true, useDisk = true, maxObjs = 0, maxSpoolPerRun = -1, diskUsagePattern = UPDATE, spoolChunkSize = 2 ]
Dec 30, 2025 3:40:36 AM org.apache.commons.jcs3.engine.control.CompositeCacheManager 
INFO: setting defaultElementAttributes to [ IS_LATERAL = false, IS_SPOOL = true, IS_REMOTE = false, IS_ETERNAL = false, MaxLifeSeconds = 86400, IdleTime = 1800, CreateTime = 1767066036901, LastAccessTime = 1767066036901, getTimeToLiveSeconds() = 86399, createTime = 1767066036901 ]
Dec 30, 2025 3:40:36 AM org.apache.commons.jcs3.engine.memory.AbstractDoubleLinkedListMemoryCache 
INFO: initialized MemoryCache for CENTRAL
Dec 30, 2025 3:40:36 AM org.apache.commons.jcs3.engine.control.CompositeCache 
INFO: Constructed cache with name [CENTRAL] and cache attributes [ useLateral = true, useRemote = true, useDisk = true, maxObjs = 0, maxSpoolPerRun = -1, diskUsagePattern = UPDATE, spoolChunkSize = 2 ]
Dec 30, 2025 3:40:36 AM org.apache.commons.jcs3.auxiliary.AuxiliaryCacheConfigurator 
INFO: No cache event logger defined for auxiliary [jcs.auxiliary.ODC]
Dec 30, 2025 3:40:36 AM org.apache.commons.jcs3.auxiliary.AuxiliaryCacheConfigurator 
INFO: Using standard serializer [org.apache.commons.jcs3.utils.serialization.StandardSerializer@1961d75a] for auxiliary [jcs.auxiliary.ODC]
Dec 30, 2025 3:40:36 AM org.apache.commons.jcs3.auxiliary.disk.indexed.IndexedDiskCache 
INFO: Region [CENTRAL] : Set maxKeySize to: "1,000,000"
Dec 30, 2025 3:40:36 AM org.apache.commons.jcs3.auxiliary.disk.indexed.IndexedDiskCache 
INFO: Region [CENTRAL] : Cache file root directory: /home/runner/.m2/repository/org/owasp/dependency-check-utils/12.1.6/data/11.0/cache
Dec 30, 2025 3:40:36 AM org.apache.commons.jcs3.auxiliary.disk.indexed.IndexedDiskCache 
INFO: Region [CENTRAL] : Indexed Disk Cache is alive.
Dec 30, 2025 3:40:36 AM org.apache.commons.jcs3.engine.memory.AbstractDoubleLinkedListMemoryCache 
INFO: initialized MemoryCache for POM
Dec 30, 2025 3:40:36 AM org.apache.commons.jcs3.engine.control.CompositeCache 
INFO: Constructed cache with name [POM] and cache attributes [ useLateral = true, useRemote = true, useDisk = true, maxObjs = 0, maxSpoolPerRun = -1, diskUsagePattern = UPDATE, spoolChunkSize = 2 ]
Dec 30, 2025 3:40:36 AM org.apache.commons.jcs3.auxiliary.AuxiliaryCacheConfigurator 
INFO: No cache event logger defined for auxiliary [jcs.auxiliary.ODC]
Dec 30, 2025 3:40:36 AM org.apache.commons.jcs3.auxiliary.AuxiliaryCacheConfigurator 
INFO: Using standard serializer [org.apache.commons.jcs3.utils.serialization.StandardSerializer@44f0ff2b] for auxiliary [jcs.auxiliary.ODC]
Dec 30, 2025 3:40:36 AM org.apache.commons.jcs3.auxiliary.disk.indexed.IndexedDiskCache 
INFO: Region [POM] : Set maxKeySize to: "1,000,000"
Dec 30, 2025 3:40:36 AM org.apache.commons.jcs3.auxiliary.disk.indexed.IndexedDiskCache 
INFO: Region [POM] : Cache file root directory: /home/runner/.m2/repository/org/owasp/dependency-check-utils/12.1.6/data/11.0/cache
Dec 30, 2025 3:40:36 AM org.apache.commons.jcs3.auxiliary.disk.indexed.IndexedDiskCache 
INFO: Region [POM] : Indexed Disk Cache is alive.
Dec 30, 2025 3:40:36 AM org.apache.commons.jcs3.engine.memory.AbstractDoubleLinkedListMemoryCache 
INFO: initialized MemoryCache for NODEAUDIT
Dec 30, 2025 3:40:36 AM org.apache.commons.jcs3.engine.control.CompositeCache 
INFO: Constructed cache with name [NODEAUDIT] and cache attributes [ useLateral = true, useRemote = true, useDisk = true, maxObjs = 0, maxSpoolPerRun = -1, diskUsagePattern = UPDATE, spoolChunkSize = 2 ]
Dec 30, 2025 3:40:36 AM org.apache.commons.jcs3.auxiliary.AuxiliaryCacheConfigurator 
INFO: No cache event logger defined for auxiliary [jcs.auxiliary.ODC]
Dec 30, 2025 3:40:36 AM org.apache.commons.jcs3.auxiliary.AuxiliaryCacheConfigurator 
INFO: Using standard serializer [org.apache.commons.jcs3.utils.serialization.StandardSerializer@22ead351] for auxiliary [jcs.auxiliary.ODC]
Dec 30, 2025 3:40:36 AM org.apache.commons.jcs3.auxiliary.disk.indexed.IndexedDiskCache 
INFO: Region [NODEAUDIT] : Set maxKeySize to: "1,000,000"
Dec 30, 2025 3:40:36 AM org.apache.commons.jcs3.auxiliary.disk.indexed.IndexedDiskCache 
INFO: Region [NODEAUDIT] : Cache file root directory: /home/runner/.m2/repository/org/owasp/dependency-check-utils/12.1.6/data/11.0/cache
Dec 30, 2025 3:40:36 AM org.apache.commons.jcs3.auxiliary.disk.indexed.IndexedDiskCache 
INFO: Region [NODEAUDIT] : Indexed Disk Cache is alive.
Dec 30, 2025 3:40:36 AM org.apache.commons.jcs3.engine.control.CompositeCacheConfigurator 
INFO: Parsed regions [CENTRAL, POM, NODEAUDIT]
Dec 30, 2025 3:40:36 AM org.apache.commons.jcs3.engine.control.CompositeCacheManager 
INFO: Finished configuration in 159 ms.
[2025-12-30 03:40:36.943] WARN NexusAnalyzer - Disabling Nexus analyzer - please specify the URL to a Nexus Server
[2025-12-30 03:40:37.503] INFO Engine - Checking for updates
[2025-12-30 03:40:40.206] INFO NvdApiDataSource - NVD API has 22,905 records in this update
[2025-12-30 03:40:44.795] INFO NvdApiDataSource - Downloaded 10,000/22,905 (44%)
[2025-12-30 03:40:51.165] INFO NvdApiDataSource - Downloaded 20,000/22,905 (87%)
[2025-12-30 03:40:53.617] INFO NvdApiDataSource - Downloaded 22,905/22,905 (100%)
[2025-12-30 03:40:53.617] INFO NvdApiDataSource - Completed processing batch 1/12 (8%) in 7,463ms
[2025-12-30 03:40:53.617] INFO NvdApiDataSource - Completed processing batch 2/12 (17%) in 3,014ms
[2025-12-30 03:40:53.618] INFO NvdApiDataSource - Completed processing batch 3/12 (25%) in 2,548ms
[2025-12-30 03:40:53.618] INFO NvdApiDataSource - Completed processing batch 4/12 (33%) in 1,936ms
[2025-12-30 03:40:53.618] INFO NvdApiDataSource - Completed processing batch 5/12 (42%) in 3,391ms
[2025-12-30 03:40:53.618] INFO NvdApiDataSource - Completed processing batch 6/12 (50%) in 1,813ms
[2025-12-30 03:40:53.618] INFO NvdApiDataSource - Completed processing batch 7/12 (58%) in 1,327ms
[2025-12-30 03:40:53.618] INFO NvdApiDataSource - Completed processing batch 8/12 (67%) in 810ms
[2025-12-30 03:40:53.619] INFO NvdApiDataSource - Completed processing batch 9/12 (75%) in 806ms
[2025-12-30 03:40:53.619] INFO NvdApiDataSource - Completed processing batch 10/12 (83%) in 188ms
[2025-12-30 03:40:53.619] INFO NvdApiDataSource - Completed processing batch 11/12 (92%) in 343ms
[2025-12-30 03:40:54.002] INFO NvdApiDataSource - Completed processing batch 12/12 (100%) in 411ms
[2025-12-30 03:40:54.171] INFO KnownExploitedDataSource - Updating CISA Known Exploited Vulnerability list: https://www.cisa.gov/sites/default/files/feeds/known_exploited_vulnerabilities.json
[2025-12-30 03:40:54.563] INFO CveDB - Begin database defrag
[2025-12-30 03:40:59.938] INFO CveDB - End database defrag (5380 ms)
[2025-12-30 03:40:59.941] INFO Engine - Check for updates complete (22438 ms)
[2025-12-30 03:41:00.128] INFO Engine - 

Dependency-Check is an open source tool performing a best effort analysis of 3rd party dependencies; false positives and false negatives may exist in the analysis performed by the tool. Use of the tool and the reporting provided constitutes acceptance for use in an AS IS condition, and there are NO warranties, implied or otherwise, with regard to the analysis or its use. Any use of the tool and the reporting provided is at the user's risk. In no event shall the copyright holder or OWASP be held liable for any damages whatsoever arising out of or in connection with the use of this tool, the analysis performed, or the resulting report.


   About ODC: https://dependency-check.github.io/DependencyCheck/general/internals.html
   False Positives: https://dependency-check.github.io/DependencyCheck/general/suppression.html

💖 Sponsor: https://github.com/sponsors/jeremylong


[2025-12-30 03:41:00.128] INFO Engine - Analysis Started
[2025-12-30 03:41:00.277] INFO Engine - Finished Archive Analyzer (0 seconds)
[2025-12-30 03:41:00.281] INFO Engine - Finished File Name Analyzer (0 seconds)
[2025-12-30 03:41:00.754] INFO Engine - Finished Jar Analyzer (0 seconds)
[2025-12-30 03:41:00.757] INFO Engine - Finished Central Analyzer (0 seconds)
[2025-12-30 03:41:00.757] INFO Engine - Finished Dependency Merging Analyzer (0 seconds)
[2025-12-30 03:41:00.989] INFO Engine - Finished Hint Analyzer (0 seconds)
[2025-12-30 03:41:00.991] INFO Engine - Finished Version Filter Analyzer (0 seconds)
WARNING: A restricted method in java.lang.foreign.Linker has been called
WARNING: java.lang.foreign.Linker::downcallHandle has been called by org.apache.lucene.store.PosixNativeAccess in an unnamed module (file:/home/runner/.m2/repository/org/apache/lucene/lucene-core/9.12.0/lucene-core-9.12.0.jar)
WARNING: Use --enable-native-access=ALL-UNNAMED to avoid a warning for callers in this module
WARNING: Restricted methods will be blocked in a future release unless native access is enabled

Dec 30, 2025 3:41:01 AM org.apache.lucene.store.MemorySegmentIndexInputProvider <init>
INFO: Using MemorySegmentIndexInput and native madvise support with Java 21 or later; to disable start with -Dorg.apache.lucene.store.MMapDirectory.enableMemorySegments=false
Dec 30, 2025 3:41:01 AM org.apache.lucene.internal.vectorization.VectorizationProvider lookup
WARNING: You are running with Java 23 or later. To make full use of the Vector API, please update Apache Lucene.
[2025-12-30 03:41:03.087] INFO CPEAnalyzer - Created CPE Index (2 seconds)
[2025-12-30 03:41:03.417] INFO Engine - Finished CPE Analyzer (2 seconds)
[2025-12-30 03:41:03.421] INFO Engine - Finished False Positive Analyzer (0 seconds)
[2025-12-30 03:41:03.428] INFO Engine - Finished NVD CVE Analyzer (0 seconds)
[2025-12-30 03:41:03.429] WARN OssIndexAnalyzer - Disabling OSS Index analyzer due to missing user/password credentials. Authentication is now required: https://ossindex.sonatype.org/doc/auth-required
[2025-12-30 03:41:03.430] INFO Engine - Finished Vulnerability Suppression Analyzer (0 seconds)
[2025-12-30 03:41:03.447] INFO Engine - Finished Known Exploited Vulnerability Analyzer (0 seconds)
[2025-12-30 03:41:03.448] INFO Engine - Finished Dependency Bundling Analyzer (0 seconds)
[2025-12-30 03:41:03.449] INFO Engine - Finished Unused Suppression Rule Analyzer (0 seconds)
[2025-12-30 03:41:03.468] INFO Engine - Analysis Complete (3 seconds)
[2025-12-30 03:41:03.516] INFO ReportGenerator - Writing XML report to: /home/runner/work/wreck/wreck/.nvd/../target/nvd/dependency-check-report.xml
[2025-12-30 03:41:03.647] INFO ReportGenerator - Writing HTML report to: /home/runner/work/wreck/wreck/.nvd/../target/nvd/dependency-check-report.html
[2025-12-30 03:41:03.783] INFO ReportGenerator - Writing JSON report to: /home/runner/work/wreck/wreck/.nvd/../target/nvd/dependency-check-report.json
[2025-12-30 03:41:03.822] INFO ReportGenerator - Writing CSV report to: /home/runner/work/wreck/wreck/.nvd/../target/nvd/dependency-check-report.csv
[2025-12-30 03:41:03.825] INFO ReportGenerator - Writing SARIF report to: /home/runner/work/wreck/wreck/.nvd/../target/nvd/dependency-check-report.sarif
[2025-12-30 03:41:03.835] INFO ReportGenerator - Writing JENKINS report to: /home/runner/work/wreck/wreck/.nvd/../target/nvd/dependency-check-jenkins.html
[2025-12-30 03:41:03.853] INFO ReportGenerator - Writing JUNIT report to: /home/runner/work/wreck/wreck/.nvd/../target/nvd/dependency-check-junit.xml
[2025-12-30 03:41:03.865] INFO ReportGenerator - Writing GITLAB report to: /home/runner/work/wreck/wreck/.nvd/../target/nvd/dependency-check-gitlab.json
Dec 30, 2025 3:41:03 AM org.apache.commons.jcs3.engine.control.CompositeCacheManager 
INFO: Shutdown hook activated. Shutdown was not called. Shutting down JCS.
